{
  "C:\\Users\\Steven\\Desktop\\it-project\\apps\\client\\src\\polyfills.ts": {
    "path": "C:\\Users\\Steven\\Desktop\\it-project\\apps\\client\\src\\polyfills.ts",
    "statementMap": {},
    "fnMap": {},
    "branchMap": {},
    "s": {},
    "f": {},
    "b": {},
    "_coverageSchema": "1a1c01bbd47fc00a2c39e90264f33305004495a9",
    "hash": "2e6d9b8b0bc18c6bb1fe6b04c67de8f2db893de0"
  },
  "C:\\Users\\Steven\\Desktop\\it-project\\apps\\client\\src\\app\\buttons\\GetStartedButton.tsx": {
    "path": "C:\\Users\\Steven\\Desktop\\it-project\\apps\\client\\src\\app\\buttons\\GetStartedButton.tsx",
    "statementMap": {
      "0": {
        "start": {
          "line": 5,
          "column": 25
        },
        "end": {
          "line": 13,
          "column": 1
        }
      },
      "1": {
        "start": {
          "line": 6,
          "column": 2
        },
        "end": {
          "line": 12,
          "column": 4
        }
      }
    },
    "fnMap": {
      "0": {
        "name": "(anonymous_0)",
        "decl": {
          "start": {
            "line": 5,
            "column": 25
          },
          "end": {
            "line": 5,
            "column": 26
          }
        },
        "loc": {
          "start": {
            "line": 5,
            "column": 31
          },
          "end": {
            "line": 13,
            "column": 1
          }
        },
        "line": 5
      }
    },
    "branchMap": {},
    "s": {
      "0": 9,
      "1": 0
    },
    "f": {
      "0": 0
    },
    "b": {},
    "_coverageSchema": "1a1c01bbd47fc00a2c39e90264f33305004495a9",
    "hash": "7ade538808062f54e5755bd196c1477cc1a0dab7"
  },
  "C:\\Users\\Steven\\Desktop\\it-project\\apps\\client\\src\\app\\buttons\\SignInButton.tsx": {
    "path": "C:\\Users\\Steven\\Desktop\\it-project\\apps\\client\\src\\app\\buttons\\SignInButton.tsx",
    "statementMap": {
      "0": {
        "start": {
          "line": 5,
          "column": 21
        },
        "end": {
          "line": 13,
          "column": 1
        }
      },
      "1": {
        "start": {
          "line": 6,
          "column": 32
        },
        "end": {
          "line": 6,
          "column": 42
        }
      },
      "2": {
        "start": {
          "line": 8,
          "column": 2
        },
        "end": {
          "line": 12,
          "column": 4
        }
      }
    },
    "fnMap": {
      "0": {
        "name": "(anonymous_0)",
        "decl": {
          "start": {
            "line": 5,
            "column": 21
          },
          "end": {
            "line": 5,
            "column": 22
          }
        },
        "loc": {
          "start": {
            "line": 5,
            "column": 27
          },
          "end": {
            "line": 13,
            "column": 1
          }
        },
        "line": 5
      }
    },
    "branchMap": {},
    "s": {
      "0": 9,
      "1": 0,
      "2": 0
    },
    "f": {
      "0": 0
    },
    "b": {},
    "_coverageSchema": "1a1c01bbd47fc00a2c39e90264f33305004495a9",
    "hash": "10f506ed9904b6f4b41652061697f74be8a949c3"
  },
  "C:\\Users\\Steven\\Desktop\\it-project\\apps\\client\\src\\app\\buttons\\SignOutButton.tsx": {
    "path": "C:\\Users\\Steven\\Desktop\\it-project\\apps\\client\\src\\app\\buttons\\SignOutButton.tsx",
    "statementMap": {
      "0": {
        "start": {
          "line": 5,
          "column": 22
        },
        "end": {
          "line": 24,
          "column": 1
        }
      },
      "1": {
        "start": {
          "line": 6,
          "column": 21
        },
        "end": {
          "line": 6,
          "column": 31
        }
      },
      "2": {
        "start": {
          "line": 8,
          "column": 2
        },
        "end": {
          "line": 23,
          "column": 4
        }
      },
      "3": {
        "start": {
          "line": 13,
          "column": 8
        },
        "end": {
          "line": 18,
          "column": 10
        }
      }
    },
    "fnMap": {
      "0": {
        "name": "(anonymous_0)",
        "decl": {
          "start": {
            "line": 5,
            "column": 22
          },
          "end": {
            "line": 5,
            "column": 23
          }
        },
        "loc": {
          "start": {
            "line": 5,
            "column": 28
          },
          "end": {
            "line": 24,
            "column": 1
          }
        },
        "line": 5
      },
      "1": {
        "name": "(anonymous_1)",
        "decl": {
          "start": {
            "line": 12,
            "column": 15
          },
          "end": {
            "line": 12,
            "column": 16
          }
        },
        "loc": {
          "start": {
            "line": 13,
            "column": 8
          },
          "end": {
            "line": 18,
            "column": 10
          }
        },
        "line": 13
      }
    },
    "branchMap": {},
    "s": {
      "0": 9,
      "1": 4,
      "2": 4,
      "3": 0
    },
    "f": {
      "0": 4,
      "1": 0
    },
    "b": {},
    "_coverageSchema": "1a1c01bbd47fc00a2c39e90264f33305004495a9",
    "hash": "a6219491ddbac2d0e20d53e9325933d9531004f3"
  },
  "C:\\Users\\Steven\\Desktop\\it-project\\apps\\client\\src\\app\\buttons\\AdminButton.tsx": {
    "path": "C:\\Users\\Steven\\Desktop\\it-project\\apps\\client\\src\\app\\buttons\\AdminButton.tsx",
    "statementMap": {
      "0": {
        "start": {
          "line": 5,
          "column": 20
        },
        "end": {
          "line": 13,
          "column": 1
        }
      },
      "1": {
        "start": {
          "line": 6,
          "column": 2
        },
        "end": {
          "line": 12,
          "column": 4
        }
      }
    },
    "fnMap": {
      "0": {
        "name": "(anonymous_0)",
        "decl": {
          "start": {
            "line": 5,
            "column": 20
          },
          "end": {
            "line": 5,
            "column": 21
          }
        },
        "loc": {
          "start": {
            "line": 5,
            "column": 26
          },
          "end": {
            "line": 13,
            "column": 1
          }
        },
        "line": 5
      }
    },
    "branchMap": {},
    "s": {
      "0": 9,
      "1": 4
    },
    "f": {
      "0": 4
    },
    "b": {},
    "_coverageSchema": "1a1c01bbd47fc00a2c39e90264f33305004495a9",
    "hash": "d141c1a07c2164d6db0b72c3de46b8a39e879561"
  },
  "C:\\Users\\Steven\\Desktop\\it-project\\apps\\client\\src\\app\\homepage\\PromotionBox.tsx": {
    "path": "C:\\Users\\Steven\\Desktop\\it-project\\apps\\client\\src\\app\\homepage\\PromotionBox.tsx",
    "statementMap": {
      "0": {
        "start": {
          "line": 12,
          "column": 21
        },
        "end": {
          "line": 97,
          "column": 1
        }
      },
      "1": {
        "start": {
          "line": 13,
          "column": 36
        },
        "end": {
          "line": 13,
          "column": 46
        }
      },
      "2": {
        "start": {
          "line": 14,
          "column": 19
        },
        "end": {
          "line": 14,
          "column": 23
        }
      },
      "3": {
        "start": {
          "line": 16,
          "column": 21
        },
        "end": {
          "line": 19,
          "column": 3
        }
      },
      "4": {
        "start": {
          "line": 21,
          "column": 24
        },
        "end": {
          "line": 24,
          "column": 3
        }
      },
      "5": {
        "start": {
          "line": 26,
          "column": 21
        },
        "end": {
          "line": 30,
          "column": 3
        }
      },
      "6": {
        "start": {
          "line": 32,
          "column": 25
        },
        "end": {
          "line": 40,
          "column": 3
        }
      },
      "7": {
        "start": {
          "line": 42,
          "column": 25
        },
        "end": {
          "line": 48,
          "column": 3
        }
      },
      "8": {
        "start": {
          "line": 50,
          "column": 2
        },
        "end": {
          "line": 96,
          "column": 4
        }
      }
    },
    "fnMap": {
      "0": {
        "name": "(anonymous_0)",
        "decl": {
          "start": {
            "line": 12,
            "column": 21
          },
          "end": {
            "line": 12,
            "column": 22
          }
        },
        "loc": {
          "start": {
            "line": 12,
            "column": 27
          },
          "end": {
            "line": 97,
            "column": 1
          }
        },
        "line": 12
      }
    },
    "branchMap": {
      "0": {
        "loc": {
          "start": {
            "line": 65,
            "column": 11
          },
          "end": {
            "line": 77,
            "column": 11
          }
        },
        "type": "cond-expr",
        "locations": [
          {
            "start": {
              "line": 66,
              "column": 12
            },
            "end": {
              "line": 70,
              "column": 15
            }
          },
          {
            "start": {
              "line": 72,
              "column": 12
            },
            "end": {
              "line": 76,
              "column": 15
            }
          }
        ],
        "line": 65
      }
    },
    "s": {
      "0": 9,
      "1": 4,
      "2": 4,
      "3": 4,
      "4": 4,
      "5": 4,
      "6": 4,
      "7": 4,
      "8": 4
    },
    "f": {
      "0": 4
    },
    "b": {
      "0": [4, 0]
    },
    "_coverageSchema": "1a1c01bbd47fc00a2c39e90264f33305004495a9",
    "hash": "28064f4440b3a767027ecd90034b862cffe48bbe"
  },
  "C:\\Users\\Steven\\Desktop\\it-project\\apps\\client\\src\\app\\BackgroundContainer.tsx": {
    "path": "C:\\Users\\Steven\\Desktop\\it-project\\apps\\client\\src\\app\\BackgroundContainer.tsx",
    "statementMap": {
      "0": {
        "start": {
          "line": 9,
          "column": 28
        },
        "end": {
          "line": 26,
          "column": 1
        }
      },
      "1": {
        "start": {
          "line": 10,
          "column": 42
        },
        "end": {
          "line": 10,
          "column": 47
        }
      },
      "2": {
        "start": {
          "line": 12,
          "column": 25
        },
        "end": {
          "line": 19,
          "column": 3
        }
      },
      "3": {
        "start": {
          "line": 21,
          "column": 2
        },
        "end": {
          "line": 25,
          "column": 4
        }
      }
    },
    "fnMap": {
      "0": {
        "name": "(anonymous_0)",
        "decl": {
          "start": {
            "line": 9,
            "column": 28
          },
          "end": {
            "line": 9,
            "column": 29
          }
        },
        "loc": {
          "start": {
            "line": 9,
            "column": 60
          },
          "end": {
            "line": 26,
            "column": 1
          }
        },
        "line": 9
      }
    },
    "branchMap": {},
    "s": {
      "0": 9,
      "1": 8,
      "2": 8,
      "3": 8
    },
    "f": {
      "0": 8
    },
    "b": {},
    "_coverageSchema": "1a1c01bbd47fc00a2c39e90264f33305004495a9",
    "hash": "097d751204317e51eb9a33ca3faadc0f78c09919"
  },
  "C:\\Users\\Steven\\Desktop\\it-project\\apps\\client\\src\\app\\Home.tsx": {
    "path": "C:\\Users\\Steven\\Desktop\\it-project\\apps\\client\\src\\app\\Home.tsx",
    "statementMap": {
      "0": {
        "start": {
          "line": 10,
          "column": 20
        },
        "end": {
          "line": 36,
          "column": 1
        }
      },
      "1": {
        "start": {
          "line": 11,
          "column": 26
        },
        "end": {
          "line": 11,
          "column": 60
        }
      },
      "2": {
        "start": {
          "line": 12,
          "column": 41
        },
        "end": {
          "line": 12,
          "column": 51
        }
      },
      "3": {
        "start": {
          "line": 15,
          "column": 2
        },
        "end": {
          "line": 19,
          "column": 9
        }
      },
      "4": {
        "start": {
          "line": 16,
          "column": 4
        },
        "end": {
          "line": 18,
          "column": 24
        }
      },
      "5": {
        "start": {
          "line": 17,
          "column": 19
        },
        "end": {
          "line": 17,
          "column": 27
        }
      },
      "6": {
        "start": {
          "line": 21,
          "column": 2
        },
        "end": {
          "line": 35,
          "column": 4
        }
      }
    },
    "fnMap": {
      "0": {
        "name": "(anonymous_0)",
        "decl": {
          "start": {
            "line": 10,
            "column": 20
          },
          "end": {
            "line": 10,
            "column": 21
          }
        },
        "loc": {
          "start": {
            "line": 10,
            "column": 26
          },
          "end": {
            "line": 36,
            "column": 1
          }
        },
        "line": 10
      },
      "1": {
        "name": "(anonymous_1)",
        "decl": {
          "start": {
            "line": 15,
            "column": 12
          },
          "end": {
            "line": 15,
            "column": 13
          }
        },
        "loc": {
          "start": {
            "line": 15,
            "column": 18
          },
          "end": {
            "line": 19,
            "column": 3
          }
        },
        "line": 15
      },
      "2": {
        "name": "(anonymous_2)",
        "decl": {
          "start": {
            "line": 17,
            "column": 12
          },
          "end": {
            "line": 17,
            "column": 13
          }
        },
        "loc": {
          "start": {
            "line": 17,
            "column": 19
          },
          "end": {
            "line": 17,
            "column": 27
          }
        },
        "line": 17
      }
    },
    "branchMap": {
      "0": {
        "loc": {
          "start": {
            "line": 21,
            "column": 9
          },
          "end": {
            "line": 35,
            "column": 3
          }
        },
        "type": "cond-expr",
        "locations": [
          {
            "start": {
              "line": 21,
              "column": 21
            },
            "end": {
              "line": 21,
              "column": 25
            }
          },
          {
            "start": {
              "line": 22,
              "column": 4
            },
            "end": {
              "line": 34,
              "column": 16
            }
          }
        ],
        "line": 21
      },
      "1": {
        "loc": {
          "start": {
            "line": 28,
            "column": 14
          },
          "end": {
            "line": 28,
            "column": 61
          }
        },
        "type": "cond-expr",
        "locations": [
          {
            "start": {
              "line": 28,
              "column": 32
            },
            "end": {
              "line": 28,
              "column": 43
            }
          },
          {
            "start": {
              "line": 28,
              "column": 46
            },
            "end": {
              "line": 28,
              "column": 61
            }
          }
        ],
        "line": 28
      }
    },
    "s": {
      "0": 9,
      "1": 20,
      "2": 20,
      "3": 20,
      "4": 6,
      "5": 5,
      "6": 20
    },
    "f": {
      "0": 20,
      "1": 6,
      "2": 5
    },
    "b": {
      "0": [12, 8],
      "1": [8, 0]
    },
    "_coverageSchema": "1a1c01bbd47fc00a2c39e90264f33305004495a9",
    "hash": "ceaafcd5111e1820c8e252cf5472a7eb98cfb287"
  },
  "C:\\Users\\Steven\\Desktop\\it-project\\apps\\client\\src\\app\\buttons\\SignUpButton.tsx": {
    "path": "C:\\Users\\Steven\\Desktop\\it-project\\apps\\client\\src\\app\\buttons\\SignUpButton.tsx",
    "statementMap": {
      "0": {
        "start": {
          "line": 5,
          "column": 21
        },
        "end": {
          "line": 11,
          "column": 1
        }
      },
      "1": {
        "start": {
          "line": 6,
          "column": 2
        },
        "end": {
          "line": 10,
          "column": 4
        }
      }
    },
    "fnMap": {
      "0": {
        "name": "(anonymous_0)",
        "decl": {
          "start": {
            "line": 5,
            "column": 21
          },
          "end": {
            "line": 5,
            "column": 22
          }
        },
        "loc": {
          "start": {
            "line": 5,
            "column": 27
          },
          "end": {
            "line": 11,
            "column": 1
          }
        },
        "line": 5
      }
    },
    "branchMap": {},
    "s": {
      "0": 9,
      "1": 0
    },
    "f": {
      "0": 0
    },
    "b": {},
    "_coverageSchema": "1a1c01bbd47fc00a2c39e90264f33305004495a9",
    "hash": "225c78d783c55afb2a242f4c325c5e3538fabc59"
  },
  "C:\\Users\\Steven\\Desktop\\it-project\\apps\\client\\src\\app\\input\\SignUpForm.tsx": {
    "path": "C:\\Users\\Steven\\Desktop\\it-project\\apps\\client\\src\\app\\input\\SignUpForm.tsx",
    "statementMap": {
      "0": {
        "start": {
          "line": 5,
          "column": 19
        },
        "end": {
          "line": 29,
          "column": 1
        }
      },
      "1": {
        "start": {
          "line": 6,
          "column": 2
        },
        "end": {
          "line": 28,
          "column": 4
        }
      }
    },
    "fnMap": {
      "0": {
        "name": "(anonymous_0)",
        "decl": {
          "start": {
            "line": 5,
            "column": 19
          },
          "end": {
            "line": 5,
            "column": 20
          }
        },
        "loc": {
          "start": {
            "line": 5,
            "column": 25
          },
          "end": {
            "line": 29,
            "column": 1
          }
        },
        "line": 5
      }
    },
    "branchMap": {},
    "s": {
      "0": 9,
      "1": 0
    },
    "f": {
      "0": 0
    },
    "b": {},
    "_coverageSchema": "1a1c01bbd47fc00a2c39e90264f33305004495a9",
    "hash": "154408ce88212ef21b7c1c61fac3cc6cc7b50c14"
  },
  "C:\\Users\\Steven\\Desktop\\it-project\\apps\\client\\src\\app\\signup.tsx": {
    "path": "C:\\Users\\Steven\\Desktop\\it-project\\apps\\client\\src\\app\\signup.tsx",
    "statementMap": {
      "0": {
        "start": {
          "line": 6,
          "column": 15
        },
        "end": {
          "line": 15,
          "column": 1
        }
      },
      "1": {
        "start": {
          "line": 7,
          "column": 2
        },
        "end": {
          "line": 14,
          "column": 4
        }
      }
    },
    "fnMap": {
      "0": {
        "name": "(anonymous_0)",
        "decl": {
          "start": {
            "line": 6,
            "column": 15
          },
          "end": {
            "line": 6,
            "column": 16
          }
        },
        "loc": {
          "start": {
            "line": 6,
            "column": 21
          },
          "end": {
            "line": 15,
            "column": 1
          }
        },
        "line": 6
      }
    },
    "branchMap": {},
    "s": {
      "0": 9,
      "1": 0
    },
    "f": {
      "0": 0
    },
    "b": {},
    "_coverageSchema": "1a1c01bbd47fc00a2c39e90264f33305004495a9",
    "hash": "43998c3872e16b3108ec5cfaef70ecbfb070662b"
  },
  "C:\\Users\\Steven\\Desktop\\it-project\\apps\\client\\src\\app\\portfolio-shared\\TitleBox.tsx": {
    "path": "C:\\Users\\Steven\\Desktop\\it-project\\apps\\client\\src\\app\\portfolio-shared\\TitleBox.tsx",
    "statementMap": {
      "0": {
        "start": {
          "line": 12,
          "column": 17
        },
        "end": {
          "line": 40,
          "column": 1
        }
      },
      "1": {
        "start": {
          "line": 13,
          "column": 16
        },
        "end": {
          "line": 20,
          "column": 4
        }
      },
      "2": {
        "start": {
          "line": 22,
          "column": 2
        },
        "end": {
          "line": 39,
          "column": 4
        }
      }
    },
    "fnMap": {
      "0": {
        "name": "(anonymous_0)",
        "decl": {
          "start": {
            "line": 12,
            "column": 17
          },
          "end": {
            "line": 12,
            "column": 18
          }
        },
        "loc": {
          "start": {
            "line": 12,
            "column": 38
          },
          "end": {
            "line": 40,
            "column": 1
          }
        },
        "line": 12
      }
    },
    "branchMap": {},
    "s": {
      "0": 9,
      "1": 0,
      "2": 0
    },
    "f": {
      "0": 0
    },
    "b": {},
    "_coverageSchema": "1a1c01bbd47fc00a2c39e90264f33305004495a9",
    "hash": "1daf0f327391d06b9737fced762e02b5c23aa6fa"
  },
  "C:\\Users\\Steven\\Desktop\\it-project\\apps\\client\\src\\app\\cloudinaryUtility.tsx": {
    "path": "C:\\Users\\Steven\\Desktop\\it-project\\apps\\client\\src\\app\\cloudinaryUtility.tsx",
    "statementMap": {
      "0": {
        "start": {
          "line": 2,
          "column": 2
        },
        "end": {
          "line": 2,
          "column": 56
        }
      },
      "1": {
        "start": {
          "line": 4,
          "column": 30
        },
        "end": {
          "line": 20,
          "column": 1
        }
      },
      "2": {
        "start": {
          "line": 5,
          "column": 18
        },
        "end": {
          "line": 5,
          "column": 32
        }
      },
      "3": {
        "start": {
          "line": 6,
          "column": 2
        },
        "end": {
          "line": 6,
          "column": 31
        }
      },
      "4": {
        "start": {
          "line": 7,
          "column": 2
        },
        "end": {
          "line": 7,
          "column": 44
        }
      },
      "5": {
        "start": {
          "line": 9,
          "column": 19
        },
        "end": {
          "line": 12,
          "column": 4
        }
      },
      "6": {
        "start": {
          "line": 14,
          "column": 2
        },
        "end": {
          "line": 19,
          "column": 3
        }
      },
      "7": {
        "start": {
          "line": 15,
          "column": 17
        },
        "end": {
          "line": 15,
          "column": 38
        }
      },
      "8": {
        "start": {
          "line": 16,
          "column": 4
        },
        "end": {
          "line": 16,
          "column": 20
        }
      },
      "9": {
        "start": {
          "line": 18,
          "column": 4
        },
        "end": {
          "line": 18,
          "column": 41
        }
      }
    },
    "fnMap": {
      "0": {
        "name": "(anonymous_0)",
        "decl": {
          "start": {
            "line": 4,
            "column": 30
          },
          "end": {
            "line": 4,
            "column": 31
          }
        },
        "loc": {
          "start": {
            "line": 4,
            "column": 69
          },
          "end": {
            "line": 20,
            "column": 1
          }
        },
        "line": 4
      }
    },
    "branchMap": {
      "0": {
        "loc": {
          "start": {
            "line": 14,
            "column": 2
          },
          "end": {
            "line": 19,
            "column": 3
          }
        },
        "type": "if",
        "locations": [
          {
            "start": {
              "line": 14,
              "column": 2
            },
            "end": {
              "line": 19,
              "column": 3
            }
          },
          {
            "start": {
              "line": 14,
              "column": 2
            },
            "end": {
              "line": 19,
              "column": 3
            }
          }
        ],
        "line": 14
      }
    },
    "s": {
      "0": 9,
      "1": 9,
      "2": 0,
      "3": 0,
      "4": 0,
      "5": 0,
      "6": 0,
      "7": 0,
      "8": 0,
      "9": 0
    },
    "f": {
      "0": 0
    },
    "b": {
      "0": [0, 0]
    },
    "_coverageSchema": "1a1c01bbd47fc00a2c39e90264f33305004495a9",
    "hash": "2b64a3ca78982001a9e8e0a9f57e0c5e23b352a1"
  },
  "C:\\Users\\Steven\\Desktop\\it-project\\apps\\client\\src\\app\\projects\\editor\\EditorBody.tsx": {
    "path": "C:\\Users\\Steven\\Desktop\\it-project\\apps\\client\\src\\app\\projects\\editor\\EditorBody.tsx",
    "statementMap": {
      "0": {
        "start": {
          "line": 14,
          "column": 19
        },
        "end": {
          "line": 74,
          "column": 1
        }
      },
      "1": {
        "start": {
          "line": 15,
          "column": 40
        },
        "end": {
          "line": 15,
          "column": 78
        }
      },
      "2": {
        "start": {
          "line": 17,
          "column": 20
        },
        "end": {
          "line": 25,
          "column": 3
        }
      },
      "3": {
        "start": {
          "line": 20,
          "column": 16
        },
        "end": {
          "line": 20,
          "column": 61
        }
      },
      "4": {
        "start": {
          "line": 21,
          "column": 4
        },
        "end": {
          "line": 21,
          "column": 14
        }
      },
      "5": {
        "start": {
          "line": 24,
          "column": 4
        },
        "end": {
          "line": 24,
          "column": 16
        }
      },
      "6": {
        "start": {
          "line": 27,
          "column": 34
        },
        "end": {
          "line": 38,
          "column": 3
        }
      },
      "7": {
        "start": {
          "line": 29,
          "column": 16
        },
        "end": {
          "line": 29,
          "column": 28
        }
      },
      "8": {
        "start": {
          "line": 32,
          "column": 8
        },
        "end": {
          "line": 34,
          "column": 16
        }
      },
      "9": {
        "start": {
          "line": 36,
          "column": 6
        },
        "end": {
          "line": 36,
          "column": 50
        }
      },
      "10": {
        "start": {
          "line": 40,
          "column": 27
        },
        "end": {
          "line": 44,
          "column": 3
        }
      },
      "11": {
        "start": {
          "line": 46,
          "column": 26
        },
        "end": {
          "line": 46,
          "column": 77
        }
      },
      "12": {
        "start": {
          "line": 48,
          "column": 2
        },
        "end": {
          "line": 73,
          "column": 4
        }
      },
      "13": {
        "start": {
          "line": 60,
          "column": 10
        },
        "end": {
          "line": 66,
          "column": 11
        }
      }
    },
    "fnMap": {
      "0": {
        "name": "(anonymous_0)",
        "decl": {
          "start": {
            "line": 14,
            "column": 19
          },
          "end": {
            "line": 14,
            "column": 20
          }
        },
        "loc": {
          "start": {
            "line": 14,
            "column": 42
          },
          "end": {
            "line": 74,
            "column": 1
          }
        },
        "line": 14
      },
      "1": {
        "name": "(anonymous_1)",
        "decl": {
          "start": {
            "line": 17,
            "column": 20
          },
          "end": {
            "line": 17,
            "column": 21
          }
        },
        "loc": {
          "start": {
            "line": 19,
            "column": 43
          },
          "end": {
            "line": 25,
            "column": 3
          }
        },
        "line": 19
      },
      "2": {
        "name": "(anonymous_2)",
        "decl": {
          "start": {
            "line": 29,
            "column": 10
          },
          "end": {
            "line": 29,
            "column": 11
          }
        },
        "loc": {
          "start": {
            "line": 29,
            "column": 16
          },
          "end": {
            "line": 29,
            "column": 28
          }
        },
        "line": 29
      },
      "3": {
        "name": "(anonymous_3)",
        "decl": {
          "start": {
            "line": 30,
            "column": 13
          },
          "end": {
            "line": 30,
            "column": 14
          }
        },
        "loc": {
          "start": {
            "line": 30,
            "column": 23
          },
          "end": {
            "line": 37,
            "column": 5
          }
        },
        "line": 30
      },
      "4": {
        "name": "(anonymous_4)",
        "decl": {
          "start": {
            "line": 59,
            "column": 33
          },
          "end": {
            "line": 59,
            "column": 34
          }
        },
        "loc": {
          "start": {
            "line": 60,
            "column": 10
          },
          "end": {
            "line": 66,
            "column": 11
          }
        },
        "line": 60
      }
    },
    "branchMap": {},
    "s": {
      "0": 9,
      "1": 0,
      "2": 0,
      "3": 0,
      "4": 0,
      "5": 0,
      "6": 0,
      "7": 0,
      "8": 0,
      "9": 0,
      "10": 0,
      "11": 0,
      "12": 0,
      "13": 0
    },
    "f": {
      "0": 0,
      "1": 0,
      "2": 0,
      "3": 0,
      "4": 0
    },
    "b": {},
    "_coverageSchema": "1a1c01bbd47fc00a2c39e90264f33305004495a9",
    "hash": "7daede64ecca032fabfdba7b15253cca37038e66"
  },
  "C:\\Users\\Steven\\Desktop\\it-project\\apps\\client\\src\\app\\projects\\editor\\ProjectItemImage.tsx": {
    "path": "C:\\Users\\Steven\\Desktop\\it-project\\apps\\client\\src\\app\\projects\\editor\\ProjectItemImage.tsx",
    "statementMap": {
      "0": {
        "start": {
          "line": 13,
          "column": 25
        },
        "end": {
          "line": 41,
          "column": 1
        }
      },
      "1": {
        "start": {
          "line": 14,
          "column": 25
        },
        "end": {
          "line": 17,
          "column": 3
        }
      },
      "2": {
        "start": {
          "line": 15,
          "column": 21
        },
        "end": {
          "line": 15,
          "column": 54
        }
      },
      "3": {
        "start": {
          "line": 16,
          "column": 4
        },
        "end": {
          "line": 16,
          "column": 34
        }
      },
      "4": {
        "start": {
          "line": 19,
          "column": 2
        },
        "end": {
          "line": 40,
          "column": 4
        }
      },
      "5": {
        "start": {
          "line": 24,
          "column": 8
        },
        "end": {
          "line": 24,
          "column": 39
        }
      },
      "6": {
        "start": {
          "line": 29,
          "column": 8
        },
        "end": {
          "line": 37,
          "column": 14
        }
      }
    },
    "fnMap": {
      "0": {
        "name": "(anonymous_0)",
        "decl": {
          "start": {
            "line": 13,
            "column": 25
          },
          "end": {
            "line": 13,
            "column": 26
          }
        },
        "loc": {
          "start": {
            "line": 13,
            "column": 54
          },
          "end": {
            "line": 41,
            "column": 1
          }
        },
        "line": 13
      },
      "1": {
        "name": "(anonymous_1)",
        "decl": {
          "start": {
            "line": 14,
            "column": 25
          },
          "end": {
            "line": 14,
            "column": 26
          }
        },
        "loc": {
          "start": {
            "line": 14,
            "column": 41
          },
          "end": {
            "line": 17,
            "column": 3
          }
        },
        "line": 14
      },
      "2": {
        "name": "(anonymous_2)",
        "decl": {
          "start": {
            "line": 23,
            "column": 14
          },
          "end": {
            "line": 23,
            "column": 15
          }
        },
        "loc": {
          "start": {
            "line": 23,
            "column": 31
          },
          "end": {
            "line": 25,
            "column": 7
          }
        },
        "line": 23
      },
      "3": {
        "name": "(anonymous_3)",
        "decl": {
          "start": {
            "line": 28,
            "column": 7
          },
          "end": {
            "line": 28,
            "column": 8
          }
        },
        "loc": {
          "start": {
            "line": 29,
            "column": 8
          },
          "end": {
            "line": 37,
            "column": 14
          }
        },
        "line": 29
      }
    },
    "branchMap": {},
    "s": {
      "0": 9,
      "1": 0,
      "2": 0,
      "3": 0,
      "4": 0,
      "5": 0,
      "6": 0
    },
    "f": {
      "0": 0,
      "1": 0,
      "2": 0,
      "3": 0
    },
    "b": {},
    "_coverageSchema": "1a1c01bbd47fc00a2c39e90264f33305004495a9",
    "hash": "a556babc669b6ec6bba14a5969691d2b06c1956e"
  },
  "C:\\Users\\Steven\\Desktop\\it-project\\apps\\client\\src\\app\\projects\\editor\\ProjectItemEditor.tsx": {
    "path": "C:\\Users\\Steven\\Desktop\\it-project\\apps\\client\\src\\app\\projects\\editor\\ProjectItemEditor.tsx",
    "statementMap": {
      "0": {
        "start": {
          "line": 23,
          "column": 26
        },
        "end": {
          "line": 107,
          "column": 1
        }
      },
      "1": {
        "start": {
          "line": 24,
          "column": 34
        },
        "end": {
          "line": 28,
          "column": 3
        }
      },
      "2": {
        "start": {
          "line": 27,
          "column": 4
        },
        "end": {
          "line": 27,
          "column": 50
        }
      },
      "3": {
        "start": {
          "line": 29,
          "column": 28
        },
        "end": {
          "line": 31,
          "column": 3
        }
      },
      "4": {
        "start": {
          "line": 30,
          "column": 4
        },
        "end": {
          "line": 30,
          "column": 44
        }
      },
      "5": {
        "start": {
          "line": 33,
          "column": 21
        },
        "end": {
          "line": 35,
          "column": 3
        }
      },
      "6": {
        "start": {
          "line": 34,
          "column": 4
        },
        "end": {
          "line": 34,
          "column": 19
        }
      },
      "7": {
        "start": {
          "line": 37,
          "column": 28
        },
        "end": {
          "line": 39,
          "column": 3
        }
      },
      "8": {
        "start": {
          "line": 38,
          "column": 4
        },
        "end": {
          "line": 38,
          "column": 31
        }
      },
      "9": {
        "start": {
          "line": 41,
          "column": 2
        },
        "end": {
          "line": 106,
          "column": 4
        }
      }
    },
    "fnMap": {
      "0": {
        "name": "(anonymous_0)",
        "decl": {
          "start": {
            "line": 23,
            "column": 26
          },
          "end": {
            "line": 23,
            "column": 27
          }
        },
        "loc": {
          "start": {
            "line": 23,
            "column": 56
          },
          "end": {
            "line": 107,
            "column": 1
          }
        },
        "line": 23
      },
      "1": {
        "name": "(anonymous_1)",
        "decl": {
          "start": {
            "line": 24,
            "column": 34
          },
          "end": {
            "line": 24,
            "column": 35
          }
        },
        "loc": {
          "start": {
            "line": 26,
            "column": 7
          },
          "end": {
            "line": 28,
            "column": 3
          }
        },
        "line": 26
      },
      "2": {
        "name": "(anonymous_2)",
        "decl": {
          "start": {
            "line": 29,
            "column": 28
          },
          "end": {
            "line": 29,
            "column": 29
          }
        },
        "loc": {
          "start": {
            "line": 29,
            "column": 76
          },
          "end": {
            "line": 31,
            "column": 3
          }
        },
        "line": 29
      },
      "3": {
        "name": "(anonymous_3)",
        "decl": {
          "start": {
            "line": 33,
            "column": 21
          },
          "end": {
            "line": 33,
            "column": 22
          }
        },
        "loc": {
          "start": {
            "line": 33,
            "column": 27
          },
          "end": {
            "line": 35,
            "column": 3
          }
        },
        "line": 33
      },
      "4": {
        "name": "(anonymous_4)",
        "decl": {
          "start": {
            "line": 37,
            "column": 28
          },
          "end": {
            "line": 37,
            "column": 29
          }
        },
        "loc": {
          "start": {
            "line": 37,
            "column": 47
          },
          "end": {
            "line": 39,
            "column": 3
          }
        },
        "line": 37
      }
    },
    "branchMap": {
      "0": {
        "loc": {
          "start": {
            "line": 53,
            "column": 17
          },
          "end": {
            "line": 53,
            "column": 74
          }
        },
        "type": "cond-expr",
        "locations": [
          {
            "start": {
              "line": 53,
              "column": 38
            },
            "end": {
              "line": 53,
              "column": 50
            }
          },
          {
            "start": {
              "line": 53,
              "column": 53
            },
            "end": {
              "line": 53,
              "column": 74
            }
          }
        ],
        "line": 53
      }
    },
    "s": {
      "0": 9,
      "1": 0,
      "2": 0,
      "3": 0,
      "4": 0,
      "5": 0,
      "6": 0,
      "7": 0,
      "8": 0,
      "9": 0
    },
    "f": {
      "0": 0,
      "1": 0,
      "2": 0,
      "3": 0,
      "4": 0
    },
    "b": {
      "0": [0, 0]
    },
    "_coverageSchema": "1a1c01bbd47fc00a2c39e90264f33305004495a9",
    "hash": "8cc468c6e2c6a2418557144a409a1d26d68875c3"
  },
  "C:\\Users\\Steven\\Desktop\\it-project\\apps\\client\\src\\app\\portfolio-shared\\EditContext.ts": {
    "path": "C:\\Users\\Steven\\Desktop\\it-project\\apps\\client\\src\\app\\portfolio-shared\\EditContext.ts",
    "statementMap": {
      "0": {
        "start": {
          "line": 3,
          "column": 20
        },
        "end": {
          "line": 3,
          "column": 46
        }
      }
    },
    "fnMap": {},
    "branchMap": {},
    "s": {
      "0": 9
    },
    "f": {},
    "b": {},
    "_coverageSchema": "1a1c01bbd47fc00a2c39e90264f33305004495a9",
    "hash": "f922bfd29b2f2753cfdd9a869816d4926b3885a4"
  },
  "C:\\Users\\Steven\\Desktop\\it-project\\apps\\client\\src\\app\\projects\\ProjectItemDisplay.tsx": {
    "path": "C:\\Users\\Steven\\Desktop\\it-project\\apps\\client\\src\\app\\projects\\ProjectItemDisplay.tsx",
    "statementMap": {
      "0": {
        "start": {
          "line": 16,
          "column": 27
        },
        "end": {
          "line": 60,
          "column": 1
        }
      },
      "1": {
        "start": {
          "line": 18,
          "column": 37
        },
        "end": {
          "line": 23,
          "column": 3
        }
      },
      "2": {
        "start": {
          "line": 25,
          "column": 18
        },
        "end": {
          "line": 25,
          "column": 20
        }
      },
      "3": {
        "start": {
          "line": 26,
          "column": 2
        },
        "end": {
          "line": 59,
          "column": 4
        }
      },
      "4": {
        "start": {
          "line": 41,
          "column": 14
        },
        "end": {
          "line": 53,
          "column": 15
        }
      }
    },
    "fnMap": {
      "0": {
        "name": "(anonymous_0)",
        "decl": {
          "start": {
            "line": 16,
            "column": 27
          },
          "end": {
            "line": 16,
            "column": 28
          }
        },
        "loc": {
          "start": {
            "line": 16,
            "column": 58
          },
          "end": {
            "line": 60,
            "column": 1
          }
        },
        "line": 16
      },
      "1": {
        "name": "(anonymous_1)",
        "decl": {
          "start": {
            "line": 40,
            "column": 13
          },
          "end": {
            "line": 40,
            "column": 14
          }
        },
        "loc": {
          "start": {
            "line": 41,
            "column": 14
          },
          "end": {
            "line": 53,
            "column": 15
          }
        },
        "line": 41
      }
    },
    "branchMap": {
      "0": {
        "loc": {
          "start": {
            "line": 41,
            "column": 14
          },
          "end": {
            "line": 53,
            "column": 15
          }
        },
        "type": "binary-expr",
        "locations": [
          {
            "start": {
              "line": 41,
              "column": 14
            },
            "end": {
              "line": 41,
              "column": 22
            }
          },
          {
            "start": {
              "line": 42,
              "column": 16
            },
            "end": {
              "line": 52,
              "column": 30
            }
          }
        ],
        "line": 41
      }
    },
    "s": {
      "0": 9,
      "1": 0,
      "2": 0,
      "3": 0,
      "4": 0
    },
    "f": {
      "0": 0,
      "1": 0
    },
    "b": {
      "0": [0, 0]
    },
    "_coverageSchema": "1a1c01bbd47fc00a2c39e90264f33305004495a9",
    "hash": "538a36563646fa420759eb405828d72de1bbb8a2"
  },
  "C:\\Users\\Steven\\Desktop\\it-project\\apps\\client\\src\\app\\projects\\ProjectUtils.ts": {
    "path": "C:\\Users\\Steven\\Desktop\\it-project\\apps\\client\\src\\app\\projects\\ProjectUtils.ts",
    "statementMap": {
      "0": {
        "start": {
          "line": 11,
          "column": 26
        },
        "end": {
          "line": 42,
          "column": 1
        }
      },
      "1": {
        "start": {
          "line": 21,
          "column": 2
        },
        "end": {
          "line": 25,
          "column": 3
        }
      },
      "2": {
        "start": {
          "line": 22,
          "column": 4
        },
        "end": {
          "line": 22,
          "column": 43
        }
      },
      "3": {
        "start": {
          "line": 24,
          "column": 4
        },
        "end": {
          "line": 24,
          "column": 56
        }
      },
      "4": {
        "start": {
          "line": 26,
          "column": 30
        },
        "end": {
          "line": 32,
          "column": 3
        }
      },
      "5": {
        "start": {
          "line": 34,
          "column": 2
        },
        "end": {
          "line": 41,
          "column": 5
        }
      },
      "6": {
        "start": {
          "line": 45,
          "column": 26
        },
        "end": {
          "line": 63,
          "column": 1
        }
      },
      "7": {
        "start": {
          "line": 51,
          "column": 2
        },
        "end": {
          "line": 55,
          "column": 3
        }
      },
      "8": {
        "start": {
          "line": 52,
          "column": 4
        },
        "end": {
          "line": 52,
          "column": 43
        }
      },
      "9": {
        "start": {
          "line": 54,
          "column": 4
        },
        "end": {
          "line": 54,
          "column": 56
        }
      },
      "10": {
        "start": {
          "line": 57,
          "column": 2
        },
        "end": {
          "line": 62,
          "column": 5
        }
      },
      "11": {
        "start": {
          "line": 66,
          "column": 25
        },
        "end": {
          "line": 98,
          "column": 1
        }
      },
      "12": {
        "start": {
          "line": 75,
          "column": 30
        },
        "end": {
          "line": 81,
          "column": 3
        }
      },
      "13": {
        "start": {
          "line": 84,
          "column": 2
        },
        "end": {
          "line": 88,
          "column": 3
        }
      },
      "14": {
        "start": {
          "line": 85,
          "column": 4
        },
        "end": {
          "line": 85,
          "column": 43
        }
      },
      "15": {
        "start": {
          "line": 87,
          "column": 4
        },
        "end": {
          "line": 87,
          "column": 56
        }
      },
      "16": {
        "start": {
          "line": 90,
          "column": 2
        },
        "end": {
          "line": 97,
          "column": 5
        }
      },
      "17": {
        "start": {
          "line": 100,
          "column": 25
        },
        "end": {
          "line": 108,
          "column": 1
        }
      },
      "18": {
        "start": {
          "line": 101,
          "column": 2
        },
        "end": {
          "line": 107,
          "column": 7
        }
      },
      "19": {
        "start": {
          "line": 102,
          "column": 19
        },
        "end": {
          "line": 102,
          "column": 29
        }
      },
      "20": {
        "start": {
          "line": 104,
          "column": 6
        },
        "end": {
          "line": 104,
          "column": 54
        }
      },
      "21": {
        "start": {
          "line": 105,
          "column": 6
        },
        "end": {
          "line": 105,
          "column": 64
        }
      },
      "22": {
        "start": {
          "line": 106,
          "column": 6
        },
        "end": {
          "line": 106,
          "column": 17
        }
      }
    },
    "fnMap": {
      "0": {
        "name": "(anonymous_0)",
        "decl": {
          "start": {
            "line": 11,
            "column": 26
          },
          "end": {
            "line": 11,
            "column": 27
          }
        },
        "loc": {
          "start": {
            "line": 19,
            "column": 5
          },
          "end": {
            "line": 42,
            "column": 1
          }
        },
        "line": 19
      },
      "1": {
        "name": "(anonymous_1)",
        "decl": {
          "start": {
            "line": 45,
            "column": 26
          },
          "end": {
            "line": 45,
            "column": 27
          }
        },
        "loc": {
          "start": {
            "line": 49,
            "column": 5
          },
          "end": {
            "line": 63,
            "column": 1
          }
        },
        "line": 49
      },
      "2": {
        "name": "(anonymous_2)",
        "decl": {
          "start": {
            "line": 66,
            "column": 25
          },
          "end": {
            "line": 66,
            "column": 26
          }
        },
        "loc": {
          "start": {
            "line": 74,
            "column": 5
          },
          "end": {
            "line": 98,
            "column": 1
          }
        },
        "line": 74
      },
      "3": {
        "name": "(anonymous_3)",
        "decl": {
          "start": {
            "line": 100,
            "column": 25
          },
          "end": {
            "line": 100,
            "column": 26
          }
        },
        "loc": {
          "start": {
            "line": 100,
            "column": 78
          },
          "end": {
            "line": 108,
            "column": 1
          }
        },
        "line": 100
      },
      "4": {
        "name": "(anonymous_4)",
        "decl": {
          "start": {
            "line": 102,
            "column": 10
          },
          "end": {
            "line": 102,
            "column": 11
          }
        },
        "loc": {
          "start": {
            "line": 102,
            "column": 19
          },
          "end": {
            "line": 102,
            "column": 29
          }
        },
        "line": 102
      },
      "5": {
        "name": "(anonymous_5)",
        "decl": {
          "start": {
            "line": 103,
            "column": 10
          },
          "end": {
            "line": 103,
            "column": 11
          }
        },
        "loc": {
          "start": {
            "line": 103,
            "column": 19
          },
          "end": {
            "line": 107,
            "column": 5
          }
        },
        "line": 103
      }
    },
    "branchMap": {},
    "s": {
      "0": 9,
      "1": 0,
      "2": 0,
      "3": 0,
      "4": 0,
      "5": 0,
      "6": 9,
      "7": 0,
      "8": 0,
      "9": 0,
      "10": 0,
      "11": 9,
      "12": 0,
      "13": 0,
      "14": 0,
      "15": 0,
      "16": 0,
      "17": 9,
      "18": 0,
      "19": 0,
      "20": 0,
      "21": 0,
      "22": 0
    },
    "f": {
      "0": 0,
      "1": 0,
      "2": 0,
      "3": 0,
      "4": 0,
      "5": 0
    },
    "b": {},
    "_coverageSchema": "1a1c01bbd47fc00a2c39e90264f33305004495a9",
    "hash": "5bfca686b3ef3cb68c28e33613337c9ff9183bcb"
  },
  "C:\\Users\\Steven\\Desktop\\it-project\\apps\\client\\src\\app\\projects\\ProjectItem.tsx": {
    "path": "C:\\Users\\Steven\\Desktop\\it-project\\apps\\client\\src\\app\\projects\\ProjectItem.tsx",
    "statementMap": {
      "0": {
        "start": {
          "line": 17,
          "column": 20
        },
        "end": {
          "line": 89,
          "column": 1
        }
      },
      "1": {
        "start": {
          "line": 18,
          "column": 37
        },
        "end": {
          "line": 18,
          "column": 47
        }
      },
      "2": {
        "start": {
          "line": 20,
          "column": 38
        },
        "end": {
          "line": 20,
          "column": 53
        }
      },
      "3": {
        "start": {
          "line": 21,
          "column": 40
        },
        "end": {
          "line": 21,
          "column": 61
        }
      },
      "4": {
        "start": {
          "line": 22,
          "column": 40
        },
        "end": {
          "line": 22,
          "column": 61
        }
      },
      "5": {
        "start": {
          "line": 23,
          "column": 52
        },
        "end": {
          "line": 23,
          "column": 79
        }
      },
      "6": {
        "start": {
          "line": 24,
          "column": 44
        },
        "end": {
          "line": 24,
          "column": 67
        }
      },
      "7": {
        "start": {
          "line": 25,
          "column": 60
        },
        "end": {
          "line": 25,
          "column": 75
        }
      },
      "8": {
        "start": {
          "line": 27,
          "column": 23
        },
        "end": {
          "line": 27,
          "column": 49
        }
      },
      "9": {
        "start": {
          "line": 27,
          "column": 29
        },
        "end": {
          "line": 27,
          "column": 49
        }
      },
      "10": {
        "start": {
          "line": 28,
          "column": 27
        },
        "end": {
          "line": 28,
          "column": 52
        }
      },
      "11": {
        "start": {
          "line": 28,
          "column": 33
        },
        "end": {
          "line": 28,
          "column": 52
        }
      },
      "12": {
        "start": {
          "line": 30,
          "column": 23
        },
        "end": {
          "line": 30,
          "column": 36
        }
      },
      "13": {
        "start": {
          "line": 31,
          "column": 21
        },
        "end": {
          "line": 31,
          "column": 46
        }
      },
      "14": {
        "start": {
          "line": 32,
          "column": 21
        },
        "end": {
          "line": 49,
          "column": 3
        }
      },
      "15": {
        "start": {
          "line": 33,
          "column": 4
        },
        "end": {
          "line": 33,
          "column": 32
        }
      },
      "16": {
        "start": {
          "line": 34,
          "column": 4
        },
        "end": {
          "line": 45,
          "column": 5
        }
      },
      "17": {
        "start": {
          "line": 35,
          "column": 6
        },
        "end": {
          "line": 42,
          "column": 8
        }
      },
      "18": {
        "start": {
          "line": 44,
          "column": 6
        },
        "end": {
          "line": 44,
          "column": 21
        }
      },
      "19": {
        "start": {
          "line": 46,
          "column": 4
        },
        "end": {
          "line": 46,
          "column": 25
        }
      },
      "20": {
        "start": {
          "line": 47,
          "column": 4
        },
        "end": {
          "line": 47,
          "column": 33
        }
      },
      "21": {
        "start": {
          "line": 48,
          "column": 4
        },
        "end": {
          "line": 48,
          "column": 21
        }
      },
      "22": {
        "start": {
          "line": 51,
          "column": 23
        },
        "end": {
          "line": 60,
          "column": 3
        }
      },
      "23": {
        "start": {
          "line": 52,
          "column": 4
        },
        "end": {
          "line": 56,
          "column": 5
        }
      },
      "24": {
        "start": {
          "line": 53,
          "column": 6
        },
        "end": {
          "line": 53,
          "column": 64
        }
      },
      "25": {
        "start": {
          "line": 55,
          "column": 6
        },
        "end": {
          "line": 55,
          "column": 21
        }
      },
      "26": {
        "start": {
          "line": 58,
          "column": 4
        },
        "end": {
          "line": 58,
          "column": 21
        }
      },
      "27": {
        "start": {
          "line": 59,
          "column": 4
        },
        "end": {
          "line": 59,
          "column": 25
        }
      },
      "28": {
        "start": {
          "line": 62,
          "column": 2
        },
        "end": {
          "line": 88,
          "column": 4
        }
      }
    },
    "fnMap": {
      "0": {
        "name": "(anonymous_0)",
        "decl": {
          "start": {
            "line": 17,
            "column": 20
          },
          "end": {
            "line": 17,
            "column": 21
          }
        },
        "loc": {
          "start": {
            "line": 17,
            "column": 44
          },
          "end": {
            "line": 89,
            "column": 1
          }
        },
        "line": 17
      },
      "1": {
        "name": "(anonymous_1)",
        "decl": {
          "start": {
            "line": 27,
            "column": 23
          },
          "end": {
            "line": 27,
            "column": 24
          }
        },
        "loc": {
          "start": {
            "line": 27,
            "column": 29
          },
          "end": {
            "line": 27,
            "column": 49
          }
        },
        "line": 27
      },
      "2": {
        "name": "(anonymous_2)",
        "decl": {
          "start": {
            "line": 28,
            "column": 27
          },
          "end": {
            "line": 28,
            "column": 28
          }
        },
        "loc": {
          "start": {
            "line": 28,
            "column": 33
          },
          "end": {
            "line": 28,
            "column": 52
          }
        },
        "line": 28
      },
      "3": {
        "name": "(anonymous_3)",
        "decl": {
          "start": {
            "line": 32,
            "column": 21
          },
          "end": {
            "line": 32,
            "column": 22
          }
        },
        "loc": {
          "start": {
            "line": 32,
            "column": 33
          },
          "end": {
            "line": 49,
            "column": 3
          }
        },
        "line": 32
      },
      "4": {
        "name": "(anonymous_4)",
        "decl": {
          "start": {
            "line": 51,
            "column": 23
          },
          "end": {
            "line": 51,
            "column": 24
          }
        },
        "loc": {
          "start": {
            "line": 51,
            "column": 35
          },
          "end": {
            "line": 60,
            "column": 3
          }
        },
        "line": 51
      }
    },
    "branchMap": {},
    "s": {
      "0": 9,
      "1": 0,
      "2": 0,
      "3": 0,
      "4": 0,
      "5": 0,
      "6": 0,
      "7": 0,
      "8": 0,
      "9": 0,
      "10": 0,
      "11": 0,
      "12": 0,
      "13": 0,
      "14": 0,
      "15": 0,
      "16": 0,
      "17": 0,
      "18": 0,
      "19": 0,
      "20": 0,
      "21": 0,
      "22": 0,
      "23": 0,
      "24": 0,
      "25": 0,
      "26": 0,
      "27": 0,
      "28": 0
    },
    "f": {
      "0": 0,
      "1": 0,
      "2": 0,
      "3": 0,
      "4": 0
    },
    "b": {},
    "_coverageSchema": "1a1c01bbd47fc00a2c39e90264f33305004495a9",
    "hash": "9f6e98354f3570c38373073939ca3d8cb5d3e3d3"
  },
  "C:\\Users\\Steven\\Desktop\\it-project\\apps\\client\\src\\app\\layout\\CenteredRowContent.tsx": {
    "path": "C:\\Users\\Steven\\Desktop\\it-project\\apps\\client\\src\\app\\layout\\CenteredRowContent.tsx",
    "statementMap": {
      "0": {
        "start": {
          "line": 10,
          "column": 27
        },
        "end": {
          "line": 18,
          "column": 1
        }
      },
      "1": {
        "start": {
          "line": 11,
          "column": 2
        },
        "end": {
          "line": 17,
          "column": 4
        }
      }
    },
    "fnMap": {
      "0": {
        "name": "(anonymous_0)",
        "decl": {
          "start": {
            "line": 10,
            "column": 27
          },
          "end": {
            "line": 10,
            "column": 28
          }
        },
        "loc": {
          "start": {
            "line": 10,
            "column": 58
          },
          "end": {
            "line": 18,
            "column": 1
          }
        },
        "line": 10
      }
    },
    "branchMap": {},
    "s": {
      "0": 9,
      "1": 15
    },
    "f": {
      "0": 15
    },
    "b": {},
    "_coverageSchema": "1a1c01bbd47fc00a2c39e90264f33305004495a9",
    "hash": "bd51cead66ee07c994001960e03bdff655c52486"
  },
  "C:\\Users\\Steven\\Desktop\\it-project\\apps\\client\\src\\app\\layout\\Loader.tsx": {
    "path": "C:\\Users\\Steven\\Desktop\\it-project\\apps\\client\\src\\app\\layout\\Loader.tsx",
    "statementMap": {
      "0": {
        "start": {
          "line": 11,
          "column": 15
        },
        "end": {
          "line": 22,
          "column": 1
        }
      },
      "1": {
        "start": {
          "line": 13,
          "column": 4
        },
        "end": {
          "line": 17,
          "column": 10
        }
      },
      "2": {
        "start": {
          "line": 21,
          "column": 2
        },
        "end": {
          "line": 21,
          "column": 56
        }
      }
    },
    "fnMap": {
      "0": {
        "name": "(anonymous_0)",
        "decl": {
          "start": {
            "line": 11,
            "column": 15
          },
          "end": {
            "line": 11,
            "column": 16
          }
        },
        "loc": {
          "start": {
            "line": 11,
            "column": 34
          },
          "end": {
            "line": 22,
            "column": 1
          }
        },
        "line": 11
      }
    },
    "branchMap": {
      "0": {
        "loc": {
          "start": {
            "line": 21,
            "column": 9
          },
          "end": {
            "line": 21,
            "column": 55
          }
        },
        "type": "cond-expr",
        "locations": [
          {
            "start": {
              "line": 21,
              "column": 24
            },
            "end": {
              "line": 21,
              "column": 45
            }
          },
          {
            "start": {
              "line": 21,
              "column": 48
            },
            "end": {
              "line": 21,
              "column": 55
            }
          }
        ],
        "line": 21
      }
    },
    "s": {
      "0": 9,
      "1": 0,
      "2": 0
    },
    "f": {
      "0": 0
    },
    "b": {
      "0": [0, 0]
    },
    "_coverageSchema": "1a1c01bbd47fc00a2c39e90264f33305004495a9",
    "hash": "496ed091726d8b93ce216faf4f030a42475be45f"
  },
  "C:\\Users\\Steven\\Desktop\\it-project\\apps\\client\\src\\app\\projects\\ItemList.tsx": {
    "path": "C:\\Users\\Steven\\Desktop\\it-project\\apps\\client\\src\\app\\projects\\ItemList.tsx",
    "statementMap": {
      "0": {
        "start": {
          "line": 24,
          "column": 17
        },
        "end": {
          "line": 64,
          "column": 1
        }
      },
      "1": {
        "start": {
          "line": 25,
          "column": 19
        },
        "end": {
          "line": 25,
          "column": 42
        }
      },
      "2": {
        "start": {
          "line": 26,
          "column": 17
        },
        "end": {
          "line": 26,
          "column": 28
        }
      },
      "3": {
        "start": {
          "line": 27,
          "column": 19
        },
        "end": {
          "line": 27,
          "column": 29
        }
      },
      "4": {
        "start": {
          "line": 28,
          "column": 22
        },
        "end": {
          "line": 28,
          "column": 51
        }
      },
      "5": {
        "start": {
          "line": 30,
          "column": 28
        },
        "end": {
          "line": 30,
          "column": 40
        }
      },
      "6": {
        "start": {
          "line": 31,
          "column": 30
        },
        "end": {
          "line": 31,
          "column": 45
        }
      },
      "7": {
        "start": {
          "line": 33,
          "column": 20
        },
        "end": {
          "line": 41,
          "column": 26
        }
      },
      "8": {
        "start": {
          "line": 34,
          "column": 4
        },
        "end": {
          "line": 40,
          "column": 9
        }
      },
      "9": {
        "start": {
          "line": 35,
          "column": 19
        },
        "end": {
          "line": 35,
          "column": 27
        }
      },
      "10": {
        "start": {
          "line": 36,
          "column": 19
        },
        "end": {
          "line": 36,
          "column": 30
        }
      },
      "11": {
        "start": {
          "line": 37,
          "column": 18
        },
        "end": {
          "line": 37,
          "column": 33
        }
      },
      "12": {
        "start": {
          "line": 39,
          "column": 8
        },
        "end": {
          "line": 39,
          "column": 23
        }
      },
      "13": {
        "start": {
          "line": 44,
          "column": 2
        },
        "end": {
          "line": 46,
          "column": 18
        }
      },
      "14": {
        "start": {
          "line": 45,
          "column": 4
        },
        "end": {
          "line": 45,
          "column": 16
        }
      },
      "15": {
        "start": {
          "line": 48,
          "column": 25
        },
        "end": {
          "line": 50,
          "column": 3
        }
      },
      "16": {
        "start": {
          "line": 49,
          "column": 4
        },
        "end": {
          "line": 49,
          "column": 44
        }
      },
      "17": {
        "start": {
          "line": 52,
          "column": 2
        },
        "end": {
          "line": 63,
          "column": 4
        }
      }
    },
    "fnMap": {
      "0": {
        "name": "(anonymous_0)",
        "decl": {
          "start": {
            "line": 24,
            "column": 17
          },
          "end": {
            "line": 24,
            "column": 18
          }
        },
        "loc": {
          "start": {
            "line": 24,
            "column": 38
          },
          "end": {
            "line": 64,
            "column": 1
          }
        },
        "line": 24
      },
      "1": {
        "name": "(anonymous_1)",
        "decl": {
          "start": {
            "line": 33,
            "column": 32
          },
          "end": {
            "line": 33,
            "column": 33
          }
        },
        "loc": {
          "start": {
            "line": 33,
            "column": 38
          },
          "end": {
            "line": 41,
            "column": 3
          }
        },
        "line": 33
      },
      "2": {
        "name": "(anonymous_2)",
        "decl": {
          "start": {
            "line": 35,
            "column": 12
          },
          "end": {
            "line": 35,
            "column": 13
          }
        },
        "loc": {
          "start": {
            "line": 35,
            "column": 19
          },
          "end": {
            "line": 35,
            "column": 27
          }
        },
        "line": 35
      },
      "3": {
        "name": "(anonymous_3)",
        "decl": {
          "start": {
            "line": 36,
            "column": 12
          },
          "end": {
            "line": 36,
            "column": 13
          }
        },
        "loc": {
          "start": {
            "line": 36,
            "column": 19
          },
          "end": {
            "line": 36,
            "column": 30
          }
        },
        "line": 36
      },
      "4": {
        "name": "(anonymous_4)",
        "decl": {
          "start": {
            "line": 37,
            "column": 12
          },
          "end": {
            "line": 37,
            "column": 13
          }
        },
        "loc": {
          "start": {
            "line": 37,
            "column": 18
          },
          "end": {
            "line": 37,
            "column": 33
          }
        },
        "line": 37
      },
      "5": {
        "name": "(anonymous_5)",
        "decl": {
          "start": {
            "line": 38,
            "column": 13
          },
          "end": {
            "line": 38,
            "column": 14
          }
        },
        "loc": {
          "start": {
            "line": 38,
            "column": 20
          },
          "end": {
            "line": 40,
            "column": 7
          }
        },
        "line": 38
      },
      "6": {
        "name": "(anonymous_6)",
        "decl": {
          "start": {
            "line": 44,
            "column": 12
          },
          "end": {
            "line": 44,
            "column": 13
          }
        },
        "loc": {
          "start": {
            "line": 44,
            "column": 18
          },
          "end": {
            "line": 46,
            "column": 3
          }
        },
        "line": 44
      },
      "7": {
        "name": "(anonymous_7)",
        "decl": {
          "start": {
            "line": 48,
            "column": 35
          },
          "end": {
            "line": 48,
            "column": 36
          }
        },
        "loc": {
          "start": {
            "line": 49,
            "column": 4
          },
          "end": {
            "line": 49,
            "column": 44
          }
        },
        "line": 49
      }
    },
    "branchMap": {
      "0": {
        "loc": {
          "start": {
            "line": 28,
            "column": 22
          },
          "end": {
            "line": 28,
            "column": 51
          }
        },
        "type": "cond-expr",
        "locations": [
          {
            "start": {
              "line": 28,
              "column": 33
            },
            "end": {
              "line": 28,
              "column": 46
            }
          },
          {
            "start": {
              "line": 28,
              "column": 49
            },
            "end": {
              "line": 28,
              "column": 51
            }
          }
        ],
        "line": 28
      },
      "1": {
        "loc": {
          "start": {
            "line": 57,
            "column": 7
          },
          "end": {
            "line": 61,
            "column": 7
          }
        },
        "type": "binary-expr",
        "locations": [
          {
            "start": {
              "line": 57,
              "column": 7
            },
            "end": {
              "line": 57,
              "column": 15
            }
          },
          {
            "start": {
              "line": 58,
              "column": 8
            },
            "end": {
              "line": 60,
              "column": 14
            }
          }
        ],
        "line": 57
      }
    },
    "s": {
      "0": 9,
      "1": 0,
      "2": 0,
      "3": 0,
      "4": 0,
      "5": 0,
      "6": 0,
      "7": 0,
      "8": 0,
      "9": 0,
      "10": 0,
      "11": 0,
      "12": 0,
      "13": 0,
      "14": 0,
      "15": 0,
      "16": 0,
      "17": 0
    },
    "f": {
      "0": 0,
      "1": 0,
      "2": 0,
      "3": 0,
      "4": 0,
      "5": 0,
      "6": 0,
      "7": 0
    },
    "b": {
      "0": [0, 0],
      "1": [0, 0]
    },
    "_coverageSchema": "1a1c01bbd47fc00a2c39e90264f33305004495a9",
    "hash": "b27d50ac9de7e8352723aad2a00b7363835d4534"
  },
  "C:\\Users\\Steven\\Desktop\\it-project\\apps\\client\\src\\app\\portfolio-shared\\PortfolioAddButton.tsx": {
    "path": "C:\\Users\\Steven\\Desktop\\it-project\\apps\\client\\src\\app\\portfolio-shared\\PortfolioAddButton.tsx",
    "statementMap": {
      "0": {
        "start": {
          "line": 15,
          "column": 27
        },
        "end": {
          "line": 77,
          "column": 1
        }
      },
      "1": {
        "start": {
          "line": 16,
          "column": 37
        },
        "end": {
          "line": 16,
          "column": 47
        }
      },
      "2": {
        "start": {
          "line": 17,
          "column": 38
        },
        "end": {
          "line": 17,
          "column": 53
        }
      },
      "3": {
        "start": {
          "line": 18,
          "column": 40
        },
        "end": {
          "line": 18,
          "column": 52
        }
      },
      "4": {
        "start": {
          "line": 19,
          "column": 40
        },
        "end": {
          "line": 21,
          "column": 3
        }
      },
      "5": {
        "start": {
          "line": 22,
          "column": 52
        },
        "end": {
          "line": 22,
          "column": 64
        }
      },
      "6": {
        "start": {
          "line": 23,
          "column": 44
        },
        "end": {
          "line": 23,
          "column": 56
        }
      },
      "7": {
        "start": {
          "line": 24,
          "column": 60
        },
        "end": {
          "line": 24,
          "column": 75
        }
      },
      "8": {
        "start": {
          "line": 26,
          "column": 22
        },
        "end": {
          "line": 33,
          "column": 3
        }
      },
      "9": {
        "start": {
          "line": 27,
          "column": 4
        },
        "end": {
          "line": 27,
          "column": 25
        }
      },
      "10": {
        "start": {
          "line": 28,
          "column": 4
        },
        "end": {
          "line": 28,
          "column": 23
        }
      },
      "11": {
        "start": {
          "line": 29,
          "column": 4
        },
        "end": {
          "line": 29,
          "column": 29
        }
      },
      "12": {
        "start": {
          "line": 30,
          "column": 4
        },
        "end": {
          "line": 30,
          "column": 33
        }
      },
      "13": {
        "start": {
          "line": 31,
          "column": 4
        },
        "end": {
          "line": 31,
          "column": 25
        }
      },
      "14": {
        "start": {
          "line": 32,
          "column": 4
        },
        "end": {
          "line": 32,
          "column": 52
        }
      },
      "15": {
        "start": {
          "line": 35,
          "column": 21
        },
        "end": {
          "line": 51,
          "column": 3
        }
      },
      "16": {
        "start": {
          "line": 36,
          "column": 4
        },
        "end": {
          "line": 36,
          "column": 32
        }
      },
      "17": {
        "start": {
          "line": 37,
          "column": 4
        },
        "end": {
          "line": 48,
          "column": 5
        }
      },
      "18": {
        "start": {
          "line": 38,
          "column": 6
        },
        "end": {
          "line": 45,
          "column": 8
        }
      },
      "19": {
        "start": {
          "line": 47,
          "column": 6
        },
        "end": {
          "line": 47,
          "column": 21
        }
      },
      "20": {
        "start": {
          "line": 49,
          "column": 4
        },
        "end": {
          "line": 49,
          "column": 18
        }
      },
      "21": {
        "start": {
          "line": 50,
          "column": 4
        },
        "end": {
          "line": 50,
          "column": 18
        }
      },
      "22": {
        "start": {
          "line": 53,
          "column": 2
        },
        "end": {
          "line": 76,
          "column": 4
        }
      },
      "23": {
        "start": {
          "line": 56,
          "column": 41
        },
        "end": {
          "line": 56,
          "column": 60
        }
      }
    },
    "fnMap": {
      "0": {
        "name": "(anonymous_0)",
        "decl": {
          "start": {
            "line": 15,
            "column": 27
          },
          "end": {
            "line": 15,
            "column": 28
          }
        },
        "loc": {
          "start": {
            "line": 15,
            "column": 56
          },
          "end": {
            "line": 77,
            "column": 1
          }
        },
        "line": 15
      },
      "1": {
        "name": "(anonymous_1)",
        "decl": {
          "start": {
            "line": 26,
            "column": 22
          },
          "end": {
            "line": 26,
            "column": 23
          }
        },
        "loc": {
          "start": {
            "line": 26,
            "column": 28
          },
          "end": {
            "line": 33,
            "column": 3
          }
        },
        "line": 26
      },
      "2": {
        "name": "(anonymous_2)",
        "decl": {
          "start": {
            "line": 35,
            "column": 21
          },
          "end": {
            "line": 35,
            "column": 22
          }
        },
        "loc": {
          "start": {
            "line": 35,
            "column": 33
          },
          "end": {
            "line": 51,
            "column": 3
          }
        },
        "line": 35
      },
      "3": {
        "name": "(anonymous_3)",
        "decl": {
          "start": {
            "line": 56,
            "column": 35
          },
          "end": {
            "line": 56,
            "column": 36
          }
        },
        "loc": {
          "start": {
            "line": 56,
            "column": 41
          },
          "end": {
            "line": 56,
            "column": 60
          }
        },
        "line": 56
      }
    },
    "branchMap": {},
    "s": {
      "0": 9,
      "1": 0,
      "2": 0,
      "3": 0,
      "4": 0,
      "5": 0,
      "6": 0,
      "7": 0,
      "8": 0,
      "9": 0,
      "10": 0,
      "11": 0,
      "12": 0,
      "13": 0,
      "14": 0,
      "15": 0,
      "16": 0,
      "17": 0,
      "18": 0,
      "19": 0,
      "20": 0,
      "21": 0,
      "22": 0,
      "23": 0
    },
    "f": {
      "0": 0,
      "1": 0,
      "2": 0,
      "3": 0
    },
    "b": {},
    "_coverageSchema": "1a1c01bbd47fc00a2c39e90264f33305004495a9",
    "hash": "dc24a4636edb042d6e0ac0f0a22ca526f314198a"
  },
  "C:\\Users\\Steven\\Desktop\\it-project\\apps\\client\\src\\app\\blog\\BlogItemList.tsx": {
    "path": "C:\\Users\\Steven\\Desktop\\it-project\\apps\\client\\src\\app\\blog\\BlogItemList.tsx",
    "statementMap": {
      "0": {
        "start": {
          "line": 10,
          "column": 21
        },
        "end": {
          "line": 41,
          "column": 1
        }
      },
      "1": {
        "start": {
          "line": 11,
          "column": 17
        },
        "end": {
          "line": 12,
          "column": 50
        }
      },
      "2": {
        "start": {
          "line": 12,
          "column": 4
        },
        "end": {
          "line": 12,
          "column": 50
        }
      },
      "3": {
        "start": {
          "line": 13,
          "column": 28
        },
        "end": {
          "line": 27,
          "column": 3
        }
      },
      "4": {
        "start": {
          "line": 18,
          "column": 4
        },
        "end": {
          "line": 26,
          "column": 6
        }
      },
      "5": {
        "start": {
          "line": 29,
          "column": 27
        },
        "end": {
          "line": 33,
          "column": 3
        }
      },
      "6": {
        "start": {
          "line": 30,
          "column": 4
        },
        "end": {
          "line": 32,
          "column": 6
        }
      },
      "7": {
        "start": {
          "line": 34,
          "column": 2
        },
        "end": {
          "line": 40,
          "column": 4
        }
      }
    },
    "fnMap": {
      "0": {
        "name": "(anonymous_0)",
        "decl": {
          "start": {
            "line": 10,
            "column": 21
          },
          "end": {
            "line": 10,
            "column": 22
          }
        },
        "loc": {
          "start": {
            "line": 10,
            "column": 27
          },
          "end": {
            "line": 41,
            "column": 1
          }
        },
        "line": 10
      },
      "1": {
        "name": "(anonymous_1)",
        "decl": {
          "start": {
            "line": 11,
            "column": 17
          },
          "end": {
            "line": 11,
            "column": 18
          }
        },
        "loc": {
          "start": {
            "line": 12,
            "column": 4
          },
          "end": {
            "line": 12,
            "column": 50
          }
        },
        "line": 12
      },
[...]
            "column": 13
          }
        },
        "loc": {
          "start": {
            "line": 44,
            "column": 36
          },
          "end": {
            "line": 47,
            "column": 7
          }
        },
        "line": 44
      },
      "6": {
        "name": "(anonymous_6)",
        "decl": {
          "start": {
            "line": 48,
            "column": 13
          },
          "end": {
            "line": 48,
            "column": 14
          }
        },
        "loc": {
          "start": {
            "line": 48,
            "column": 20
          },
          "end": {
            "line": 48,
            "column": 34
          }
        },
        "line": 48
      },
      "7": {
        "name": "(anonymous_7)",
        "decl": {
          "start": {
            "line": 51,
            "column": 12
          },
          "end": {
            "line": 51,
            "column": 13
          }
        },
        "loc": {
          "start": {
            "line": 51,
            "column": 18
          },
          "end": {
            "line": 53,
            "column": 3
          }
        },
        "line": 51
      }
    },
    "branchMap": {
      "0": {
        "loc": {
          "start": {
            "line": 35,
            "column": 4
          },
          "end": {
            "line": 39,
            "column": 5
          }
        },
        "type": "if",
        "locations": [
          {
            "start": {
              "line": 35,
              "column": 4
            },
            "end": {
              "line": 39,
              "column": 5
            }
          },
          {
            "start": {
              "line": 35,
              "column": 4
            },
            "end": {
              "line": 39,
              "column": 5
            }
          }
        ],
        "line": 35
      },
      "1": {
        "loc": {
          "start": {
            "line": 35,
            "column": 8
          },
          "end": {
            "line": 35,
            "column": 40
          }
        },
        "type": "binary-expr",
        "locations": [
          {
            "start": {
              "line": 35,
              "column": 8
            },
            "end": {
              "line": 35,
              "column": 16
            }
          },
          {
            "start": {
              "line": 35,
              "column": 20
            },
            "end": {
              "line": 35,
              "column": 40
            }
          }
        ],
        "line": 35
      },
      "2": {
        "loc": {
          "start": {
            "line": 55,
            "column": 2
          },
          "end": {
            "line": 57,
            "column": 3
          }
        },
        "type": "if",
        "locations": [
          {
            "start": {
              "line": 55,
              "column": 2
            },
            "end": {
              "line": 57,
              "column": 3
            }
          },
          {
            "start": {
              "line": 55,
              "column": 2
            },
            "end": {
              "line": 57,
              "column": 3
            }
          }
        ],
        "line": 55
      },
      "3": {
        "loc": {
          "start": {
            "line": 59,
            "column": 2
          },
          "end": {
            "line": 61,
            "column": 3
          }
        },
        "type": "if",
        "locations": [
          {
            "start": {
              "line": 59,
              "column": 2
            },
            "end": {
              "line": 61,
              "column": 3
            }
          },
          {
            "start": {
              "line": 59,
              "column": 2
            },
            "end": {
              "line": 61,
              "column": 3
            }
          }
        ],
        "line": 59
      }
    },
    "s": {
      "0": 9,
      "1": 24,
      "2": 24,
      "3": 24,
      "4": 24,
      "5": 24,
      "6": 24,
      "7": 24,
      "8": 24,
      "9": 6,
      "10": 2,
      "11": 2,
      "12": 2,
      "13": 24,
      "14": 8,
      "15": 8,
      "16": 8,
      "17": 0,
      "18": 24,
      "19": 6,
      "20": 24,
      "21": 8,
      "22": 16,
      "23": 0,
      "24": 16,
      "25": 16
    },
    "f": {
      "0": 24,
      "1": 6,
      "2": 2,
      "3": 2,
      "4": 8,
      "5": 8,
      "6": 0,
      "7": 6
    },
    "b": {
      "0": [2, 4],
      "1": [6, 2],
      "2": [8, 16],
      "3": [0, 16]
    },
    "_coverageSchema": "1a1c01bbd47fc00a2c39e90264f33305004495a9",
    "hash": "4f483b7d6de0f8e4d3e6db8c47e973c6f04b26a6"
  },
  "C:\\Users\\Steven\\Desktop\\it-project\\apps\\client\\src\\app\\admin\\GetStartedPage.tsx": {
    "path": "C:\\Users\\Steven\\Desktop\\it-project\\apps\\client\\src\\app\\admin\\GetStartedPage.tsx",
    "statementMap": {
      "0": {
        "start": {
          "line": 11,
          "column": 23
        },
        "end": {
          "line": 133,
          "column": 1
        }
      },
      "1": {
        "start": {
          "line": 14,
          "column": 26
        },
        "end": {
          "line": 14,
          "column": 38
        }
      },
      "2": {
        "start": {
          "line": 15,
          "column": 34
        },
        "end": {
          "line": 15,
          "column": 46
        }
      },
      "3": {
        "start": {
          "line": 18,
          "column": 22
        },
        "end": {
          "line": 18,
          "column": 37
        }
      },
      "4": {
        "start": {
          "line": 19,
          "column": 42
        },
        "end": {
          "line": 19,
          "column": 54
        }
      },
      "5": {
        "start": {
          "line": 20,
          "column": 39
        },
        "end": {
          "line": 20,
          "column": 52
        }
      },
      "6": {
        "start": {
          "line": 22,
          "column": 19
        },
        "end": {
          "line": 22,
          "column": 29
        }
      },
      "7": {
        "start": {
          "line": 23,
          "column": 32
        },
        "end": {
          "line": 23,
          "column": 36
        }
      },
      "8": {
        "start": {
          "line": 26,
          "column": 23
        },
        "end": {
          "line": 53,
          "column": 3
        }
      },
      "9": {
        "start": {
          "line": 28,
          "column": 4
        },
        "end": {
          "line": 52,
          "column": 5
        }
      },
      "10": {
        "start": {
          "line": 29,
          "column": 23
        },
        "end": {
          "line": 37,
          "column": 8
        }
      },
      "11": {
        "start": {
          "line": 39,
          "column": 6
        },
        "end": {
          "line": 44,
          "column": 7
        }
      },
      "12": {
        "start": {
          "line": 40,
          "column": 8
        },
        "end": {
          "line": 40,
          "column": 41
        }
      },
      "13": {
        "start": {
          "line": 41,
          "column": 8
        },
        "end": {
          "line": 41,
          "column": 33
        }
      },
      "14": {
        "start": {
          "line": 46,
          "column": 24
        },
        "end": {
          "line": 46,
          "column": 43
        }
      },
      "15": {
        "start": {
          "line": 47,
          "column": 6
        },
        "end": {
          "line": 51,
          "column": 7
        }
      },
      "16": {
        "start": {
          "line": 48,
          "column": 8
        },
        "end": {
          "line": 48,
          "column": 48
        }
      },
      "17": {
        "start": {
          "line": 49,
          "column": 13
        },
        "end": {
          "line": 51,
          "column": 7
        }
      },
      "18": {
        "start": {
          "line": 50,
          "column": 8
        },
        "end": {
          "line": 50,
          "column": 69
        }
      },
      "19": {
        "start": {
          "line": 55,
          "column": 27
        },
        "end": {
          "line": 57,
          "column": 3
        }
      },
      "20": {
        "start": {
          "line": 56,
          "column": 4
        },
        "end": {
          "line": 56,
          "column": 32
        }
      },
      "21": {
        "start": {
          "line": 59,
          "column": 31
        },
        "end": {
          "line": 64,
          "column": 3
        }
      },
      "22": {
        "start": {
          "line": 62,
          "column": 4
        },
        "end": {
          "line": 62,
          "column": 36
        }
      },
      "23": {
        "start": {
          "line": 68,
          "column": 23
        },
        "end": {
          "line": 73,
          "column": 3
        }
      },
      "24": {
        "start": {
          "line": 71,
          "column": 4
        },
        "end": {
          "line": 71,
          "column": 27
        }
      },
      "25": {
        "start": {
          "line": 72,
          "column": 4
        },
        "end": {
          "line": 72,
          "column": 27
        }
      },
      "26": {
        "start": {
          "line": 75,
          "column": 25
        },
        "end": {
          "line": 77,
          "column": 3
        }
      },
      "27": {
        "start": {
          "line": 79,
          "column": 2
        },
        "end": {
          "line": 132,
          "column": 4
        }
      },
      "28": {
        "start": {
          "line": 93,
          "column": 32
        },
        "end": {
          "line": 93,
          "column": 67
        }
      }
    },
    "fnMap": {
      "0": {
        "name": "(anonymous_0)",
        "decl": {
          "start": {
            "line": 11,
            "column": 23
          },
          "end": {
            "line": 11,
            "column": 24
          }
        },
        "loc": {
          "start": {
            "line": 11,
            "column": 29
          },
          "end": {
            "line": 133,
            "column": 1
          }
        },
        "line": 11
      },
      "1": {
        "name": "(anonymous_1)",
        "decl": {
          "start": {
            "line": 26,
            "column": 23
          },
          "end": {
            "line": 26,
            "column": 24
          }
        },
        "loc": {
          "start": {
            "line": 26,
            "column": 51
          },
          "end": {
            "line": 53,
            "column": 3
          }
        },
        "line": 26
      },
      "2": {
        "name": "(anonymous_2)",
        "decl": {
          "start": {
            "line": 55,
            "column": 27
          },
          "end": {
            "line": 55,
            "column": 28
          }
        },
        "loc": {
          "start": {
            "line": 55,
            "column": 78
          },
          "end": {
            "line": 57,
            "column": 3
          }
        },
        "line": 55
      },
      "3": {
        "name": "(anonymous_3)",
        "decl": {
          "start": {
            "line": 59,
            "column": 31
          },
          "end": {
            "line": 59,
            "column": 32
          }
        },
        "loc": {
          "start": {
            "line": 61,
            "column": 7
          },
          "end": {
            "line": 64,
            "column": 3
          }
        },
        "line": 61
      },
      "4": {
        "name": "(anonymous_4)",
        "decl": {
          "start": {
            "line": 68,
            "column": 23
          },
          "end": {
            "line": 68,
            "column": 24
          }
        },
        "loc": {
          "start": {
            "line": 70,
            "column": 7
          },
          "end": {
            "line": 73,
            "column": 3
          }
        },
        "line": 70
      },
      "5": {
        "name": "(anonymous_5)",
        "decl": {
          "start": {
            "line": 93,
            "column": 26
          },
          "end": {
            "line": 93,
            "column": 27
          }
        },
        "loc": {
          "start": {
            "line": 93,
            "column": 32
          },
          "end": {
            "line": 93,
            "column": 67
          }
        },
        "line": 93
      }
    },
    "branchMap": {
      "0": {
        "loc": {
          "start": {
            "line": 39,
            "column": 6
          },
          "end": {
            "line": 44,
            "column": 7
          }
        },
        "type": "if",
        "locations": [
          {
            "start": {
              "line": 39,
              "column": 6
            },
            "end": {
              "line": 44,
              "column": 7
            }
          },
          {
            "start": {
              "line": 39,
              "column": 6
            },
            "end": {
              "line": 44,
              "column": 7
            }
          }
        ],
        "line": 39
      },
      "1": {
        "loc": {
          "start": {
            "line": 47,
            "column": 6
          },
          "end": {
            "line": 51,
            "column": 7
          }
        },
        "type": "if",
        "locations": [
          {
            "start": {
              "line": 47,
              "column": 6
            },
            "end": {
              "line": 51,
              "column": 7
            }
          },
          {
            "start": {
              "line": 47,
              "column": 6
            },
            "end": {
              "line": 51,
              "column": 7
            }
          }
        ],
        "line": 47
      },
      "2": {
        "loc": {
          "start": {
            "line": 49,
            "column": 13
          },
          "end": {
            "line": 51,
            "column": 7
          }
        },
        "type": "if",
        "locations": [
          {
            "start": {
              "line": 49,
              "column": 13
            },
            "end": {
              "line": 51,
              "column": 7
            }
          },
          {
            "start": {
              "line": 49,
              "column": 13
            },
            "end": {
              "line": 51,
              "column": 7
            }
          }
        ],
        "line": 49
      }
    },
    "s": {
      "0": 9,
      "1": 0,
      "2": 0,
      "3": 0,
      "4": 0,
      "5": 0,
      "6": 0,
      "7": 0,
      "8": 0,
      "9": 0,
      "10": 0,
      "11": 0,
      "12": 0,
      "13": 0,
      "14": 0,
      "15": 0,
      "16": 0,
      "17": 0,
      "18": 0,
      "19": 0,
      "20": 0,
      "21": 0,
      "22": 0,
      "23": 0,
      "24": 0,
      "25": 0,
      "26": 0,
      "27": 0,
      "28": 0
    },
    "f": {
      "0": 0,
      "1": 0,
      "2": 0,
      "3": 0,
      "4": 0,
      "5": 0
    },
    "b": {
      "0": [0, 0],
      "1": [0, 0],
      "2": [0, 0]
    },
    "_coverageSchema": "1a1c01bbd47fc00a2c39e90264f33305004495a9",
    "hash": "737440ac867063c2f43882fc5face9cc7e528e10"
  },
  "C:\\Users\\Steven\\Desktop\\it-project\\apps\\client\\src\\app\\App.tsx": {
    "path": "C:\\Users\\Steven\\Desktop\\it-project\\apps\\client\\src\\app\\App.tsx",
    "statementMap": {
      "0": {
        "start": {
          "line": 19,
          "column": 19
        },
        "end": {
          "line": 57,
          "column": 1
        }
      },
      "1": {
        "start": {
          "line": 21,
          "column": 26
        },
        "end": {
          "line": 21,
          "column": 62
        }
      },
      "2": {
        "start": {
          "line": 23,
          "column": 22
        },
        "end": {
          "line": 28,
          "column": 3
        }
      },
      "3": {
        "start": {
          "line": 24,
          "column": 4
        },
        "end": {
          "line": 27,
          "column": 7
        }
      },
      "4": {
        "start": {
          "line": 25,
          "column": 18
        },
        "end": {
          "line": 25,
          "column": 29
        }
      },
      "5": {
        "start": {
          "line": 26,
          "column": 6
        },
        "end": {
          "line": 26,
          "column": 20
        }
      },
      "6": {
        "start": {
          "line": 30,
          "column": 2
        },
        "end": {
          "line": 32,
          "column": 5
        }
      },
      "7": {
        "start": {
          "line": 31,
          "column": 4
        },
        "end": {
          "line": 31,
          "column": 18
        }
      },
      "8": {
        "start": {
          "line": 34,
          "column": 2
        },
        "end": {
          "line": 56,
          "column": 4
        }
      }
    },
    "fnMap": {
      "0": {
        "name": "(anonymous_0)",
        "decl": {
          "start": {
            "line": 19,
            "column": 19
          },
          "end": {
            "line": 19,
            "column": 20
          }
        },
        "loc": {
          "start": {
            "line": 19,
            "column": 25
          },
          "end": {
            "line": 57,
            "column": 1
          }
        },
        "line": 19
      },
      "1": {
        "name": "(anonymous_1)",
        "decl": {
          "start": {
            "line": 23,
            "column": 22
          },
          "end": {
            "line": 23,
            "column": 23
          }
        },
        "loc": {
          "start": {
            "line": 23,
            "column": 28
          },
          "end": {
            "line": 28,
            "column": 3
          }
        },
        "line": 23
      },
      "2": {
        "name": "(anonymous_2)",
        "decl": {
          "start": {
            "line": 24,
            "column": 28
          },
          "end": {
            "line": 24,
            "column": 29
          }
        },
        "loc": {
          "start": {
            "line": 24,
            "column": 37
          },
          "end": {
            "line": 27,
            "column": 5
          }
        },
        "line": 24
      },
      "3": {
        "name": "(anonymous_3)",
        "decl": {
          "start": {
            "line": 30,
            "column": 12
          },
          "end": {
            "line": 30,
            "column": 13
          }
        },
        "loc": {
          "start": {
            "line": 30,
            "column": 18
          },
          "end": {
            "line": 32,
            "column": 3
          }
        },
        "line": 30
      }
    },
    "branchMap": {},
    "s": {
      "0": 9,
      "1": 18,
      "2": 18,
      "3": 9,
      "4": 18,
      "5": 18,
      "6": 18,
      "7": 9,
      "8": 18
    },
    "f": {
      "0": 18,
      "1": 9,
      "2": 18,
      "3": 9
    },
    "b": {},
    "_coverageSchema": "1a1c01bbd47fc00a2c39e90264f33305004495a9",
    "hash": "4f8bc6f9f5bf6649dd831472f4b8d12aec84ad13"
  },
  "C:\\Users\\Steven\\Desktop\\it-project\\apps\\client\\src\\Main.tsx": {
    "path": "C:\\Users\\Steven\\Desktop\\it-project\\apps\\client\\src\\Main.tsx",
    "statementMap": {
      "0": {
        "start": {
          "line": 5,
          "column": 0
        },
        "end": {
          "line": 10,
          "column": 2
        }
      }
    },
    "fnMap": {},
    "branchMap": {},
    "s": {
      "0": 9
    },
    "f": {},
    "b": {},
    "_coverageSchema": "1a1c01bbd47fc00a2c39e90264f33305004495a9",
    "hash": "6c901915c91e1e6ba6cf983bcbfaecb42d0c6c90"
  }
}
